<?xml version="1.0" encoding="UTF-8"?>
<testsuite name="com.studentapp.studentinfo.TagsTest" time="12.194" tests="3" errors="3" skipped="0" failures="0">
  <properties>
[...]
</properties>
  <testcase name="invalidMethod" classname="com.studentapp.studentinfo.TagsTest" time="3.965">
    <error type="java.lang.NullPointerException:">java.lang.NullPointerException: null
	at io.restassured.internal.print.ResponsePrinter.print(ResponsePrinter.java:46)
	at io.restassured.internal.ValidatableResponseOptionsImpl.logResponse(ValidatableResponseOptionsImpl.java:423)
	at io.restassured.internal.ValidatableResponseOptionsImpl.logResponse(ValidatableResponseOptionsImpl.java:419)
	at io.restassured.internal.ValidatableResponseOptionsImpl.logResponse(ValidatableResponseOptionsImpl.java:415)
	at io.restassured.internal.ValidatableResponseOptionsImpl.all(ValidatableResponseOptionsImpl.java:371)
	at com.studentapp.studentinfo.TagsTest.invalidMethod(TagsTest.java:20)
</error>
    <system-err><![CDATA[45578 [main] ERROR net.serenitybdd.core.Serenity - 
           __  _____ _____ ____ _____   _____ _    ___ _     _____ ____  
  _       / / |_   _| ____/ ___|_   _| |  ___/ \  |_ _| |   | ____|  _ \ 
 (_)_____| |    | | |  _| \___ \ | |   | |_ / _ \  | || |   |  _| | | | |
  _|_____| |    | | | |___ ___) || |   |  _/ ___ \ | || |___| |___| |_| |
 (_)     | |    |_| |_____|____/ |_|   |_|/_/   \_\___|_____|_____|____/ 
          \_\                                                            

TEST FAILED WITH ERROR: Delete the student and verify if the student is deleted!
---------------------------------------------------------------------
45578 [main] ERROR net.serenitybdd.core.Serenity - TEST FAILED AT STEP DELETE
45578 [main] ERROR net.serenitybdd.core.Serenity - Some exception during recording fields
45859 [pool-1-thread-3] INFO net.thucydides.core.reports.json.JSONTestOutcomeReporter - Generating JSON report for Update the user information and verify the updated information to file C:\Users\Admin\idea project\serenity-homework-week19\target\site\serenity\46c94f63cf63717d7751c2c004c4350bf0af57d92ea1e25a560ee8105fbb97b3.json (using temp file C:\Users\Admin\idea project\serenity-homework-week19\target\site\serenity\46c94f63cf63717d7751c2c004c4350bf0af57d92ea1e25a560ee8105fbb97b3.json00a671ba-3438-4d13-bc89-5b34266cf493)
45860 [pool-1-thread-1] INFO net.thucydides.core.reports.json.JSONTestOutcomeReporter - Generating JSON report for This will create a new student to file C:\Users\Admin\idea project\serenity-homework-week19\target\site\serenity\1709c273eb40f6633acc4318bfa3c6e3d5d89499d6576169f58894f6c51b6ec7.json (using temp file C:\Users\Admin\idea project\serenity-homework-week19\target\site\serenity\1709c273eb40f6633acc4318bfa3c6e3d5d89499d6576169f58894f6c51b6ec7.jsone88279ac-9171-4ac4-8965-eb7c47b3f2aa)
45860 [pool-1-thread-4] INFO net.thucydides.core.reports.json.JSONTestOutcomeReporter - Generating JSON report for Delete the student and verify if the student is deleted! to file C:\Users\Admin\idea project\serenity-homework-week19\target\site\serenity\9b943b90f3ed32faae459b44434e9e89326d5286ee9c5097a0d627dc40c3624f.json (using temp file C:\Users\Admin\idea project\serenity-homework-week19\target\site\serenity\9b943b90f3ed32faae459b44434e9e89326d5286ee9c5097a0d627dc40c3624f.json6f584759-c751-48e0-a438-c580e3811314)
45860 [pool-1-thread-2] INFO net.thucydides.core.reports.json.JSONTestOutcomeReporter - Generating JSON report for Verify if the student was added to the application to file C:\Users\Admin\idea project\serenity-homework-week19\target\site\serenity\40e5db3cdc2f4e029c37b0bb5704dd79a7a9264604d84f6f58e2b63644be5c98.json (using temp file C:\Users\Admin\idea project\serenity-homework-week19\target\site\serenity\40e5db3cdc2f4e029c37b0bb5704dd79a7a9264604d84f6f58e2b63644be5c98.json8195d451-6e35-451e-86bc-e2e253f30dcd)
46243 [pool-2-thread-2] INFO net.thucydides.core.reports.html.HtmlAcceptanceTestReporter - GENERATING HTML REPORT FOR Student CURD test with steps:test002 in 40e5db3cdc2f4e029c37b0bb5704dd79a7a9264604d84f6f58e2b63644be5c98.html in directory target\site\serenity  
46243 [pool-2-thread-4] INFO net.thucydides.core.reports.html.HtmlAcceptanceTestReporter - GENERATING HTML REPORT FOR Student CURD test with steps:test004 in 9b943b90f3ed32faae459b44434e9e89326d5286ee9c5097a0d627dc40c3624f.html in directory target\site\serenity  
46243 [pool-2-thread-3] INFO net.thucydides.core.reports.html.HtmlAcceptanceTestReporter - GENERATING HTML REPORT FOR Student CURD test with steps:test003 in 46c94f63cf63717d7751c2c004c4350bf0af57d92ea1e25a560ee8105fbb97b3.html in directory target\site\serenity  
46243 [pool-2-thread-1] INFO net.thucydides.core.reports.html.HtmlAcceptanceTestReporter - GENERATING HTML REPORT FOR Student CURD test with steps:test001 in 1709c273eb40f6633acc4318bfa3c6e3d5d89499d6576169f58894f6c51b6ec7.html in directory target\site\serenity  
]]></system-err>
  </testcase>
  <testcase name="verifyIfTheStatusCodeIs200" classname="com.studentapp.studentinfo.TagsTest" time="4.107">
    <error type="java.lang.NullPointerException:">java.lang.NullPointerException: null
	at io.restassured.internal.print.ResponsePrinter.print(ResponsePrinter.java:46)
	at io.restassured.internal.ValidatableResponseOptionsImpl.logResponse(ValidatableResponseOptionsImpl.java:423)
	at io.restassured.internal.ValidatableResponseOptionsImpl.logResponse(ValidatableResponseOptionsImpl.java:419)
	at io.restassured.internal.ValidatableResponseOptionsImpl.logResponse(ValidatableResponseOptionsImpl.java:415)
	at io.restassured.internal.ValidatableResponseOptionsImpl.all(ValidatableResponseOptionsImpl.java:371)
	at com.studentapp.studentinfo.TagsTest.verifyIfTheStatusCodeIs200(TagsTest.java:32)
</error>
  </testcase>
  <testcase name="inCorrectResource" classname="com.studentapp.studentinfo.TagsTest" time="4.122">
    <error type="java.lang.NullPointerException:">java.lang.NullPointerException: null
	at io.restassured.internal.print.ResponsePrinter.print(ResponsePrinter.java:46)
	at io.restassured.internal.ValidatableResponseOptionsImpl.logResponse(ValidatableResponseOptionsImpl.java:423)
	at io.restassured.internal.ValidatableResponseOptionsImpl.logResponse(ValidatableResponseOptionsImpl.java:419)
	at io.restassured.internal.ValidatableResponseOptionsImpl.logResponse(ValidatableResponseOptionsImpl.java:415)
	at io.restassured.internal.ValidatableResponseOptionsImpl.all(ValidatableResponseOptionsImpl.java:371)
	at com.studentapp.studentinfo.TagsTest.inCorrectResource(TagsTest.java:44)
</error>
  </testcase>
</testsuite>