<?xml version="1.0" encoding="UTF-8"?><testsuite errors="4" failures="0" name="com.studentapp.studentinfo.StudentCURDTestWithSteps" skipped="0" tests="4" time="17.89" timestamp="2022-01-09T11:39:03.026Z[Europe/London]"><testcase classname="com.studentapp.studentinfo.StudentCURDTestWithSteps" name="This will create a new student"><error message="Some exception during recording fields" type="java.lang.RuntimeException">Some exception during recording fields</error><system-err>Some exception during recording fields&#13;
net.serenitybdd.rest.filters.FieldsRecordingFilter.filter(FieldsRecordingFilter.java:52)&#13;
io.restassured.internal.filter.FilterContextImpl.next(FilterContextImpl.groovy:72)&#13;
io.restassured.filter.log.RequestLoggingFilter.filter(RequestLoggingFilter.java:124)&#13;
net.serenitybdd.rest.filters.FieldsRecordingFilter.filter(FieldsRecordingFilter.java:40)&#13;
io.restassured.internal.filter.FilterContextImpl.next(FilterContextImpl.groovy:72)&#13;
io.restassured.filter.log.RequestLoggingFilter.filter(RequestLoggingFilter.java:124)&#13;
net.serenitybdd.rest.filters.FieldsRecordingFilter.filter(FieldsRecordingFilter.java:40)&#13;
io.restassured.internal.filter.FilterContextImpl.next(FilterContextImpl.groovy:72)&#13;
io.restassured.filter.log.RequestLoggingFilter.filter(RequestLoggingFilter.java:124)&#13;
net.serenitybdd.rest.filters.FieldsRecordingFilter.filter(FieldsRecordingFilter.java:40)&#13;
io.restassured.internal.filter.FilterContextImpl.next(FilterContextImpl.groovy:72)&#13;
io.restassured.filter.log.RequestLoggingFilter.filter(RequestLoggingFilter.java:124)&#13;
net.serenitybdd.rest.filters.FieldsRecordingFilter.filter(FieldsRecordingFilter.java:40)&#13;
io.restassured.internal.filter.FilterContextImpl.next(FilterContextImpl.groovy:72)&#13;
io.restassured.filter.log.RequestLoggingFilter.filter(RequestLoggingFilter.java:124)&#13;
net.serenitybdd.rest.filters.FieldsRecordingFilter.filter(FieldsRecordingFilter.java:40)&#13;
io.restassured.internal.filter.FilterContextImpl.next(FilterContextImpl.groovy:72)&#13;
io.restassured.internal.RequestSpecificationImpl.applyPathParamsAndSendRequest(RequestSpecificationImpl.groovy:1722)&#13;
groovy.lang.MetaMethod.doMethodInvoke(MetaMethod.java:325)&#13;
groovy.lang.MetaClassImpl.invokeMethod(MetaClassImpl.java:1213)&#13;
groovy.lang.MetaClassImpl.invokeMethod(MetaClassImpl.java:1022)&#13;
groovy.lang.MetaClassImpl.invokeMethod(MetaClassImpl.java:810)&#13;
io.restassured.internal.RequestSpecificationImpl.invokeMethod(RequestSpecificationImpl.groovy)&#13;
io.restassured.internal.RequestSpecificationImpl.applyPathParamsAndSendRequest(RequestSpecificationImpl.groovy:1728)&#13;
groovy.lang.MetaMethod.doMethodInvoke(MetaMethod.java:325)&#13;
groovy.lang.MetaClassImpl.invokeMethod(MetaClassImpl.java:1213)&#13;
groovy.lang.MetaClassImpl.invokeMethod(MetaClassImpl.java:1022)&#13;
groovy.lang.MetaClassImpl.invokeMethod(MetaClassImpl.java:810)&#13;
io.restassured.internal.RequestSpecificationImpl.invokeMethod(RequestSpecificationImpl.groovy)&#13;
io.restassured.internal.RequestSpecificationImpl.post(RequestSpecificationImpl.groovy:172)&#13;
net.serenitybdd.rest.decorators.request.RequestSpecificationDecorated.execute(RequestSpecificationDecorated.java:224)&#13;
net.serenitybdd.rest.decorators.request.RequestSpecificationDecorated.post(RequestSpecificationDecorated.java:74)&#13;
net.serenitybdd.rest.decorators.request.RequestSpecificationDecorated.post(RequestSpecificationDecorated.java:64)&#13;
net.serenitybdd.rest.decorators.request.RequestSpecificationDecorated.post(RequestSpecificationDecorated.java:27)&#13;
com.studentapp.studentinfo.StudentSteps.createStudent(StudentSteps.java:23)&#13;
com.studentapp.studentinfo.StudentCURDTestWithSteps.test001(StudentCURDTestWithSteps.java:37)&#13;
</system-err></testcase><testcase classname="com.studentapp.studentinfo.StudentCURDTestWithSteps" name="Verify if the student was added to the application"><error message="Cannot invoke method hasCustomParserExcludingDefaultParser() on null object" type="java.lang.NullPointerException">Cannot invoke method hasCustomParserExcludingDefaultParser() on null object</error><system-err>Cannot invoke method hasCustomParserExcludingDefaultParser() on null object&#13;
io.restassured.internal.RestAssuredResponseOptionsGroovyImpl.findContentType(RestAssuredResponseOptionsGroovyImpl.groovy:484)&#13;
io.restassured.internal.RestAssuredResponseOptionsGroovyImpl.path(RestAssuredResponseOptionsGroovyImpl.groovy:391)&#13;
io.restassured.internal.RestAssuredResponseOptionsImpl.path(RestAssuredResponseOptionsImpl.java:200)&#13;
com.studentapp.studentinfo.StudentSteps.getStudentInfoByFirstname(StudentSteps.java:37)&#13;
com.studentapp.studentinfo.StudentCURDTestWithSteps.test002(StudentCURDTestWithSteps.java:44)&#13;
</system-err></testcase><testcase classname="com.studentapp.studentinfo.StudentCURDTestWithSteps" name="Update the user information and verify the updated information"><error message="Some exception during recording fields" type="java.lang.RuntimeException">Some exception during recording fields</error><system-err>Some exception during recording fields&#13;
net.serenitybdd.rest.filters.FieldsRecordingFilter.filter(FieldsRecordingFilter.java:52)&#13;
io.restassured.internal.filter.FilterContextImpl.next(FilterContextImpl.groovy:72)&#13;
io.restassured.filter.log.RequestLoggingFilter.filter(RequestLoggingFilter.java:124)&#13;
net.serenitybdd.rest.filters.FieldsRecordingFilter.filter(FieldsRecordingFilter.java:40)&#13;
io.restassured.internal.filter.FilterContextImpl.next(FilterContextImpl.groovy:72)&#13;
io.restassured.filter.log.RequestLoggingFilter.filter(RequestLoggingFilter.java:124)&#13;
net.serenitybdd.rest.filters.FieldsRecordingFilter.filter(FieldsRecordingFilter.java:40)&#13;
io.restassured.internal.filter.FilterContextImpl.next(FilterContextImpl.groovy:72)&#13;
io.restassured.filter.log.RequestLoggingFilter.filter(RequestLoggingFilter.java:124)&#13;
net.serenitybdd.rest.filters.FieldsRecordingFilter.filter(FieldsRecordingFilter.java:40)&#13;
io.restassured.internal.filter.FilterContextImpl.next(FilterContextImpl.groovy:72)&#13;
io.restassured.filter.log.RequestLoggingFilter.filter(RequestLoggingFilter.java:124)&#13;
net.serenitybdd.rest.filters.FieldsRecordingFilter.filter(FieldsRecordingFilter.java:40)&#13;
io.restassured.internal.filter.FilterContextImpl.next(FilterContextImpl.groovy:72)&#13;
io.restassured.filter.log.RequestLoggingFilter.filter(RequestLoggingFilter.java:124)&#13;
net.serenitybdd.rest.filters.FieldsRecordingFilter.filter(FieldsRecordingFilter.java:40)&#13;
io.restassured.internal.filter.FilterContextImpl.next(FilterContextImpl.groovy:72)&#13;
io.restassured.internal.RequestSpecificationImpl.applyPathParamsAndSendRequest(RequestSpecificationImpl.groovy:1722)&#13;
groovy.lang.MetaMethod.doMethodInvoke(MetaMethod.java:325)&#13;
groovy.lang.MetaClassImpl.invokeMethod(MetaClassImpl.java:1213)&#13;
groovy.lang.MetaClassImpl.invokeMethod(MetaClassImpl.java:1022)&#13;
groovy.lang.MetaClassImpl.invokeMethod(MetaClassImpl.java:810)&#13;
io.restassured.internal.RequestSpecificationImpl.invokeMethod(RequestSpecificationImpl.groovy)&#13;
io.restassured.internal.RequestSpecificationImpl.applyPathParamsAndSendRequest(RequestSpecificationImpl.groovy:1728)&#13;
groovy.lang.MetaMethod.doMethodInvoke(MetaMethod.java:325)&#13;
groovy.lang.MetaClassImpl.invokeMethod(MetaClassImpl.java:1213)&#13;
groovy.lang.MetaClassImpl.invokeMethod(MetaClassImpl.java:1022)&#13;
groovy.lang.MetaClassImpl.invokeMethod(MetaClassImpl.java:810)&#13;
io.restassured.internal.RequestSpecificationImpl.invokeMethod(RequestSpecificationImpl.groovy)&#13;
io.restassured.internal.RequestSpecificationImpl.put(RequestSpecificationImpl.groovy:176)&#13;
net.serenitybdd.rest.decorators.request.RequestSpecificationDecorated.execute(RequestSpecificationDecorated.java:233)&#13;
net.serenitybdd.rest.decorators.request.RequestSpecificationDecorated.put(RequestSpecificationDecorated.java:105)&#13;
net.serenitybdd.rest.decorators.request.RequestSpecificationDecorated.put(RequestSpecificationDecorated.java:27)&#13;
com.studentapp.studentinfo.StudentSteps.updateStudent(StudentSteps.java:49)&#13;
com.studentapp.studentinfo.StudentCURDTestWithSteps.test003(StudentCURDTestWithSteps.java:55)&#13;
</system-err></testcase><testcase classname="com.studentapp.studentinfo.StudentCURDTestWithSteps" name="Delete the student and verify if the student is deleted!"><error message="Some exception during recording fields" type="java.lang.RuntimeException">Some exception during recording fields</error><system-err>Some exception during recording fields&#13;
net.serenitybdd.rest.filters.FieldsRecordingFilter.filter(FieldsRecordingFilter.java:52)&#13;
io.restassured.internal.filter.FilterContextImpl.next(FilterContextImpl.groovy:72)&#13;
io.restassured.filter.log.RequestLoggingFilter.filter(RequestLoggingFilter.java:124)&#13;
net.serenitybdd.rest.filters.FieldsRecordingFilter.filter(FieldsRecordingFilter.java:40)&#13;
io.restassured.internal.filter.FilterContextImpl.next(FilterContextImpl.groovy:72)&#13;
io.restassured.filter.log.RequestLoggingFilter.filter(RequestLoggingFilter.java:124)&#13;
net.serenitybdd.rest.filters.FieldsRecordingFilter.filter(FieldsRecordingFilter.java:40)&#13;
io.restassured.internal.filter.FilterContextImpl.next(FilterContextImpl.groovy:72)&#13;
io.restassured.filter.log.RequestLoggingFilter.filter(RequestLoggingFilter.java:124)&#13;
net.serenitybdd.rest.filters.FieldsRecordingFilter.filter(FieldsRecordingFilter.java:40)&#13;
io.restassured.internal.filter.FilterContextImpl.next(FilterContextImpl.groovy:72)&#13;
io.restassured.filter.log.RequestLoggingFilter.filter(RequestLoggingFilter.java:124)&#13;
net.serenitybdd.rest.filters.FieldsRecordingFilter.filter(FieldsRecordingFilter.java:40)&#13;
io.restassured.internal.filter.FilterContextImpl.next(FilterContextImpl.groovy:72)&#13;
io.restassured.filter.log.RequestLoggingFilter.filter(RequestLoggingFilter.java:124)&#13;
net.serenitybdd.rest.filters.FieldsRecordingFilter.filter(FieldsRecordingFilter.java:40)&#13;
io.restassured.internal.filter.FilterContextImpl.next(FilterContextImpl.groovy:72)&#13;
io.restassured.internal.RequestSpecificationImpl.applyPathParamsAndSendRequest(RequestSpecificationImpl.groovy:1722)&#13;
groovy.lang.MetaMethod.doMethodInvoke(MetaMethod.java:325)&#13;
groovy.lang.MetaClassImpl.invokeMethod(MetaClassImpl.java:1213)&#13;
groovy.lang.MetaClassImpl.invokeMethod(MetaClassImpl.java:1022)&#13;
groovy.lang.MetaClassImpl.invokeMethod(MetaClassImpl.java:810)&#13;
io.restassured.internal.RequestSpecificationImpl.invokeMethod(RequestSpecificationImpl.groovy)&#13;
io.restassured.internal.RequestSpecificationImpl.applyPathParamsAndSendRequest(RequestSpecificationImpl.groovy:1728)&#13;
groovy.lang.MetaMethod.doMethodInvoke(MetaMethod.java:325)&#13;
groovy.lang.MetaClassImpl.invokeMethod(MetaClassImpl.java:1213)&#13;
groovy.lang.MetaClassImpl.invokeMethod(MetaClassImpl.java:1022)&#13;
groovy.lang.MetaClassImpl.invokeMethod(MetaClassImpl.java:810)&#13;
io.restassured.internal.RequestSpecificationImpl.invokeMethod(RequestSpecificationImpl.groovy)&#13;
io.restassured.internal.RequestSpecificationImpl.delete(RequestSpecificationImpl.groovy:180)&#13;
net.serenitybdd.rest.decorators.request.RequestSpecificationDecorated.execute(RequestSpecificationDecorated.java:230)&#13;
net.serenitybdd.rest.decorators.request.RequestSpecificationDecorated.delete(RequestSpecificationDecorated.java:131)&#13;
net.serenitybdd.rest.decorators.request.RequestSpecificationDecorated.delete(RequestSpecificationDecorated.java:27)&#13;
com.studentapp.studentinfo.StudentSteps.deleteStudent(StudentSteps.java:58)&#13;
com.studentapp.studentinfo.StudentCURDTestWithSteps.test004(StudentCURDTestWithSteps.java:62)&#13;
</system-err></testcase></testsuite>